{
  "stats": {
    "suites": 1,
    "tests": 3,
    "passes": 3,
    "pending": 0,
    "failures": 0,
    "start": "2020-01-27T19:50:51.188Z",
    "end": "2020-01-27T19:51:07.264Z",
    "duration": 16076,
    "testsRegistered": 3,
    "passPercent": 100,
    "pendingPercent": 0,
    "other": 0,
    "hasOther": false,
    "skipped": 0,
    "hasSkipped": false
  },
  "results": [
    {
      "uuid": "91b602a0-f71a-4321-8b47-b253b4487f0d",
      "title": "",
      "fullFile": "",
      "file": "",
      "beforeHooks": [],
      "afterHooks": [],
      "tests": [],
      "suites": [
        {
          "uuid": "0ed537c1-dd35-400e-90f3-38f647811faf",
          "title": "Add New Entry in to Objective Manager Application and Verify",
          "fullFile": "C:\\Users\\gopin.DESKTOP-UMV3VIQ\\Documents\\dummy\\objective-manager-test-demo\\feature1_test.js",
          "file": "\\feature1_test.js",
          "beforeHooks": [
            {
              "title": "\"before all\" hook: codeceptjs.beforeSuite",
              "fullTitle": "Add New Entry in to Objective Manager Application and Verify \"before all\" hook: codeceptjs.beforeSuite",
              "timedOut": false,
              "duration": 8624,
              "state": null,
              "speed": null,
              "pass": false,
              "fail": false,
              "pending": false,
              "context": null,
              "code": "scenario.suiteSetup(suite)",
              "err": {},
              "uuid": "5e17527d-b6de-443c-9b0c-6c73685334f4",
              "parentUUID": "0ed537c1-dd35-400e-90f3-38f647811faf",
              "isHook": true,
              "skipped": false
            },
            {
              "title": "\"before each\" hook: codeceptjs.before",
              "fullTitle": "Add New Entry in to Objective Manager Application and Verify \"before each\" hook: codeceptjs.before",
              "timedOut": false,
              "duration": 0,
              "state": null,
              "speed": null,
              "pass": false,
              "fail": false,
              "pending": false,
              "context": null,
              "code": "scenario.setup(suite)",
              "err": {},
              "uuid": "a4b6feb9-f231-49eb-994b-c7ae37fa5fbf",
              "parentUUID": "0ed537c1-dd35-400e-90f3-38f647811faf",
              "isHook": true,
              "skipped": false
            }
          ],
          "afterHooks": [
            {
              "title": "\"after all\" hook: codeceptjs.afterSuite",
              "fullTitle": "Add New Entry in to Objective Manager Application and Verify \"after all\" hook: codeceptjs.afterSuite",
              "timedOut": false,
              "duration": 0,
              "state": null,
              "speed": null,
              "pass": false,
              "fail": false,
              "pending": false,
              "context": null,
              "code": "scenario.suiteTeardown(suite)",
              "err": {},
              "uuid": "17cf2570-97f9-4edf-8bd5-c6f92c7b4d9a",
              "parentUUID": "0ed537c1-dd35-400e-90f3-38f647811faf",
              "isHook": true,
              "skipped": false
            },
            {
              "title": "\"after each\" hook: finalize codeceptjs",
              "fullTitle": "Add New Entry in to Objective Manager Application and Verify \"after each\" hook: finalize codeceptjs",
              "timedOut": false,
              "duration": 41,
              "state": null,
              "speed": null,
              "pass": false,
              "fail": false,
              "pending": false,
              "context": null,
              "code": "scenario.teardown(suite)",
              "err": {},
              "uuid": "8449d052-eead-4630-8aa5-d3d63c7fc486",
              "parentUUID": "0ed537c1-dd35-400e-90f3-38f647811faf",
              "isHook": true,
              "skipped": false
            }
          ],
          "tests": [
            {
              "title": "Login to Application",
              "fullTitle": "Add New Entry in to Objective Manager Application and Verify: Login to Application",
              "timedOut": false,
              "duration": 5456,
              "state": "passed",
              "speed": "slow",
              "pass": true,
              "fail": false,
              "pending": false,
              "context": null,
              "code": "// Login\nI.amOnPage('/login');\nI.see('SIGN IN');\nI.fillField('username','jeremy.black@delete.com');\nI.fillField('password','longCoyo+e86');\nI.click('SIGN IN');\n// Add New Entry\n// var newEntryName = 'New Test Automation Testing - Demo';\nI.see('My Homepage');\nI.click(\"//button[contains(text(),'Add Progress')]\");\nI.fillField(\"//textarea[@id='progressEntry']\",newEntryName);\nI.selectOption('progressAmount','40% Complete')\nI.click('Save')",
              "err": {},
              "uuid": "bc44bb23-c1cd-4350-8e15-2bb3799ece44",
              "parentUUID": "0ed537c1-dd35-400e-90f3-38f647811faf",
              "isHook": false,
              "skipped": false
            },
            {
              "title": "Validate New Entry",
              "fullTitle": "Add New Entry in to Objective Manager Application and Verify: Validate New Entry",
              "timedOut": false,
              "duration": 40,
              "state": "passed",
              "speed": "medium",
              "pass": true,
              "fail": false,
              "pending": false,
              "context": null,
              "code": "// Validate the New Entry\nI.see(newEntryName,\"//div[@id='searchResults']//ul[@class='clearfix']/li[1]\");",
              "err": {},
              "uuid": "45329fd7-7329-4c95-a14e-8b007d0830bf",
              "parentUUID": "0ed537c1-dd35-400e-90f3-38f647811faf",
              "isHook": false,
              "skipped": false
            },
            {
              "title": "Logout",
              "fullTitle": "Add New Entry in to Objective Manager Application and Verify: Logout",
              "timedOut": false,
              "duration": 1765,
              "state": "passed",
              "speed": "slow",
              "pass": true,
              "fail": false,
              "pending": false,
              "context": null,
              "code": "I.click(\"//div[contains(@class,'accountSettingsDropdown')]\");\nI.click('Logout');\n// pause();\nI.click(\"//ul[@class='margin_top_20 clearfix']//button[contains(text(),'Yes')]\")\nI.see('SIGN IN')",
              "err": {},
              "uuid": "26fdc580-e287-42bd-a929-b1a9fd5c7649",
              "parentUUID": "0ed537c1-dd35-400e-90f3-38f647811faf",
              "isHook": false,
              "skipped": false
            }
          ],
          "suites": [],
          "passes": [
            "bc44bb23-c1cd-4350-8e15-2bb3799ece44",
            "45329fd7-7329-4c95-a14e-8b007d0830bf",
            "26fdc580-e287-42bd-a929-b1a9fd5c7649"
          ],
          "failures": [],
          "pending": [],
          "skipped": [],
          "duration": 7261,
          "root": false,
          "rootEmpty": false,
          "_timeout": 0
        }
      ],
      "passes": [],
      "failures": [],
      "pending": [],
      "skipped": [],
      "duration": 0,
      "root": true,
      "rootEmpty": true,
      "_timeout": 0
    }
  ],
  "meta": {
    "mocha": {
      "version": "6.2.2"
    },
    "mochawesome": {
      "options": {
        "quiet": false,
        "reportFilename": "mochawesome",
        "saveHtml": true,
        "saveJson": true,
        "consoleReporter": "spec",
        "useInlineDiffs": false
      },
      "version": "4.1.0"
    },
    "marge": {
      "options": {
        "reportDir": "output"
      },
      "version": "4.1.0"
    }
  }
}