{
  "stats": {
    "suites": 1,
    "tests": 1,
    "passes": 1,
    "pending": 0,
    "failures": 0,
    "start": "2020-01-27T19:34:54.227Z",
    "end": "2020-01-27T19:35:11.163Z",
    "duration": 16936,
    "testsRegistered": 1,
    "passPercent": 100,
    "pendingPercent": 0,
    "other": 0,
    "hasOther": false,
    "skipped": 0,
    "hasSkipped": false
  },
  "results": [
    {
      "uuid": "eac1b022-88f8-4c1b-a693-3b6913504ecd",
      "title": "",
      "fullFile": "",
      "file": "",
      "beforeHooks": [],
      "afterHooks": [],
      "tests": [],
      "suites": [
        {
          "uuid": "ce849567-4109-49d7-acb8-1ec8524cce5e",
          "title": "Login",
          "fullFile": "C:\\Users\\gopin.DESKTOP-UMV3VIQ\\Documents\\dummy\\objective-manager-test-demo\\feature1_test.js",
          "file": "\\feature1_test.js",
          "beforeHooks": [
            {
              "title": "\"before all\" hook: codeceptjs.beforeSuite",
              "fullTitle": "Login \"before all\" hook: codeceptjs.beforeSuite",
              "timedOut": false,
              "duration": 4105,
              "state": null,
              "speed": null,
              "pass": false,
              "fail": false,
              "pending": false,
              "context": null,
              "code": "scenario.suiteSetup(suite)",
              "err": {},
              "uuid": "9aca93bf-0201-454b-b3c8-430c080124b1",
              "parentUUID": "ce849567-4109-49d7-acb8-1ec8524cce5e",
              "isHook": true,
              "skipped": false
            },
            {
              "title": "\"before each\" hook: codeceptjs.before",
              "fullTitle": "Login \"before each\" hook: codeceptjs.before",
              "timedOut": false,
              "duration": 6216,
              "state": null,
              "speed": null,
              "pass": false,
              "fail": false,
              "pending": false,
              "context": null,
              "code": "scenario.setup(suite)",
              "err": {},
              "uuid": "2015207e-9339-4273-93a5-6949baeb512b",
              "parentUUID": "ce849567-4109-49d7-acb8-1ec8524cce5e",
              "isHook": true,
              "skipped": false
            }
          ],
          "afterHooks": [
            {
              "title": "\"after all\" hook: codeceptjs.afterSuite",
              "fullTitle": "Login \"after all\" hook: codeceptjs.afterSuite",
              "timedOut": false,
              "duration": 0,
              "state": null,
              "speed": null,
              "pass": false,
              "fail": false,
              "pending": false,
              "context": null,
              "code": "scenario.suiteTeardown(suite)",
              "err": {},
              "uuid": "3046ee38-3ae4-4851-b415-81fe71741462",
              "parentUUID": "ce849567-4109-49d7-acb8-1ec8524cce5e",
              "isHook": true,
              "skipped": false
            },
            {
              "title": "\"after each\" hook: finalize codeceptjs",
              "fullTitle": "Login \"after each\" hook: finalize codeceptjs",
              "timedOut": false,
              "duration": 139,
              "state": null,
              "speed": null,
              "pass": false,
              "fail": false,
              "pending": false,
              "context": null,
              "code": "scenario.teardown(suite)",
              "err": {},
              "uuid": "d2c393ae-c432-47bd-bbb4-0eadd31854e3",
              "parentUUID": "ce849567-4109-49d7-acb8-1ec8524cce5e",
              "isHook": true,
              "skipped": false
            }
          ],
          "tests": [
            {
              "title": "Login to Application",
              "fullTitle": "Login: Login to Application",
              "timedOut": false,
              "duration": 6456,
              "state": "passed",
              "speed": "slow",
              "pass": true,
              "fail": false,
              "pending": false,
              "context": null,
              "code": "// Login\nI.amOnPage('/login');\nI.see('SIGN IN');\nI.fillField('username','jeremy.black@delete.com');\nI.fillField('password','longCoyo+e86');\nI.click('SIGN IN');\n// Add New Entry\nvar newEntryName = 'New Test Automation Testing - Demo';\nI.see('My Homepage');\nI.click(\"//button[contains(text(),'Add Progress')]\");\nI.fillField(\"//textarea[@id='progressEntry']\",newEntryName);\nI.selectOption('progressAmount','40% Complete')\nI.click('Save')\n// Validate the New Entry\nI.see(newEntryName,\"//div[@id='searchResults']//ul[@class='clearfix']/li[1]\");\n// Logout\n// I.click('#div.accountSettingsDropdown');\nI.click(\"//div[contains(@class,'accountSettingsDropdown')]\");\nI.click('Logout');",
              "err": {},
              "uuid": "d66afdd3-6c4a-4f54-b1b6-c7d0f2d1c3c3",
              "parentUUID": "ce849567-4109-49d7-acb8-1ec8524cce5e",
              "isHook": false,
              "skipped": false
            }
          ],
          "suites": [],
          "passes": [
            "d66afdd3-6c4a-4f54-b1b6-c7d0f2d1c3c3"
          ],
          "failures": [],
          "pending": [],
          "skipped": [],
          "duration": 6456,
          "root": false,
          "rootEmpty": false,
          "_timeout": 0
        }
      ],
      "passes": [],
      "failures": [],
      "pending": [],
      "skipped": [],
      "duration": 0,
      "root": true,
      "rootEmpty": true,
      "_timeout": 0
    }
  ],
  "meta": {
    "mocha": {
      "version": "6.2.2"
    },
    "mochawesome": {
      "options": {
        "quiet": false,
        "reportFilename": "mochawesome",
        "saveHtml": true,
        "saveJson": true,
        "consoleReporter": "spec",
        "useInlineDiffs": false
      },
      "version": "4.1.0"
    },
    "marge": {
      "options": {
        "reportDir": "output"
      },
      "version": "4.1.0"
    }
  }
}